
Sun Jun 28 20:22:29 CST 2015 :
Name:      /var/folders/_8/h252y4m94hlf_l4fs8rb9khc0000gn/T/SchemeScriptAction-mZ2kwp
WorkDir:   /Users/master/GitHub/Free-Copter
Args:      
PID:       2506
PATH:      /Applications/Xcode.app/Contents/Developer/usr/bin:/usr/bin:/bin:/usr/sbin:/sbin

Sun Jun 28 20:25:20 CST 2015 :
	Name:      /var/folders/_8/h252y4m94hlf_l4fs8rb9khc0000gn/T/SchemeScriptAction-eP7Qlk
	WorkDir:   /Users/master/GitHub/Free-Copter
	Args:      
	PID:       2560
	PATH:      /Applications/Xcode.app/Contents/Developer/usr/bin:/usr/bin:/bin:/usr/sbin:/sbin

Sun Jun 28 20:26:08 CST 2015 :
	Name:      /var/folders/_8/h252y4m94hlf_l4fs8rb9khc0000gn/T/SchemeScriptAction-1WXwVj
	WorkDir:   /Users/master/GitHub/Free-Copter
	Args:      
	PID:       2587
	PATH:      /Applications/Xcode.app/Contents/Developer/usr/bin:/usr/bin:/bin:/usr/sbin:/sbin

Sun Jun 28 20:27:20 CST 2015 :
	Name:      /var/folders/_8/h252y4m94hlf_l4fs8rb9khc0000gn/T/SchemeScriptAction-8j1z3x
	WorkDir:   /Users/master/GitHub/Free-Copter
	Args:      
	PID:       2621
	PATH:      /Applications/Xcode.app/Contents/Developer/usr/bin:/usr/bin:/bin:/usr/sbin:/sbin

Sun Jun 28 20:27:40 CST 2015 :
	Name:      /var/folders/_8/h252y4m94hlf_l4fs8rb9khc0000gn/T/SchemeScriptAction-sVLoq1
	WorkDir:   /Users/master/GitHub/Free-Copter
	Args:      
	PID:       2648
	PATH:      /Applications/Xcode.app/Contents/Developer/usr/bin:/usr/bin:/bin:/usr/sbin:/sbin

Sun Jun 28 20:28:04 CST 2015 :
	Name:      /var/folders/_8/h252y4m94hlf_l4fs8rb9khc0000gn/T/SchemeScriptAction-7EaP9x
	WorkDir:   /Users/master/GitHub/Free-Copter
	Args:      
	PID:       2671
	PATH:      /Applications/Xcode.app/Contents/Developer/usr/bin:/usr/bin:/bin:/usr/sbin:/sbin

Sun Jun 28 20:29:11 CST 2015 :
	Name:      /var/folders/_8/h252y4m94hlf_l4fs8rb9khc0000gn/T/SchemeScriptAction-Vp3FEs
	WorkDir:   /Users/master/GitHub/Free-Copter
	Args:      
	PID:       2700
	PATH:      /Applications/Xcode.app/Contents/Developer/usr/bin:/usr/bin:/bin:/usr/sbin:/sbin

Sun Jun 28 20:29:59 CST 2015 :
	Name:      /var/folders/_8/h252y4m94hlf_l4fs8rb9khc0000gn/T/SchemeScriptAction-yHhDSZ
	WorkDir:   /Users/master/GitHub/Free-Copter
	Args:      
	PID:       2726
	PATH:      /Applications/Xcode.app/Contents/Developer/usr/bin:/usr/bin:/bin:/usr/sbin:/sbin

Sun Jun 28 20:30:19 CST 2015 :
	Name:      /var/folders/_8/h252y4m94hlf_l4fs8rb9khc0000gn/T/SchemeScriptAction-QYEGbN
	WorkDir:   /Users/master/GitHub/Free-Copter
	Args:      
	PID:       2753
	PATH:      /Applications/Xcode.app/Contents/Developer/usr/bin:/usr/bin:/bin:/usr/sbin:/sbin
